=== 現在のMDファイル（実行前） ===
./.junie/guidelines-ja.md
./CHANGELOG.md
./.restructure/tasks/task-003-integration.md
./.restructure/tasks/task-002-content-analysis.md
./.restructure/tasks/task-001-backup.md
./.restructure/tasks/task-004-cleanup.md
./.restructure/overview.md
./.restructure/progress.md
./.restructure/README.md
./.restructure/ideal-structure.md
./.restructure/backups/ai-backup/context/context-optimization-ja.md
./.restructure/backups/ai-backup/context/context-optimization.md
./.restructure/backups/docs-backup/design/architecture/architecture.md
./.restructure/backups/docs-backup/design/architecture/architecture-ja.md
./.restructure/backups/docs-backup/requirements/spec/requirements-summary.md
./.restructure/backups/docs-backup/requirements/spec/system-specification-ja.md
./.restructure/backups/docs-backup/requirements/spec/requirements-summary-ja.md
./.restructure/backups/docs-backup/requirements/spec/system-specification.md
./.restructure/backups/docs-backup/ai/context-optimization-ja.md
./.restructure/backups/docs-backup/ai/context-optimization.md
./.restructure/backups/docs-backup/templates/document-template.md
./.restructure/backups/docs-backup/templates/document-template-ja.md
./.restructure/backups/docs-backup/ops/operational-guidelines-ja.md
./.restructure/backups/docs-backup/ops/operational-guidelines.md
./.restructure/backups/docs-backup/guidelines/SUMMARY-ja.md
./.restructure/backups/docs-backup/guidelines/coding-standards-ja.md
./.restructure/backups/docs-backup/guidelines/operational-rules.md
./.restructure/backups/docs-backup/guidelines/SUMMARY.md
./.restructure/backups/docs-backup/guidelines/context-optimization-ja.md
./.restructure/backups/docs-backup/guidelines/README-ja.md
./.restructure/backups/docs-backup/guidelines/README.md
./.restructure/backups/docs-backup/guidelines/coding-standards.md
./.restructure/backups/docs-backup/guidelines/context-optimization.md
./.restructure/backups/docs-backup/guidelines/operational-rules-ja.md
./.restructure/backups/docs-backup/standards/security-guidelines.md
./.restructure/backups/docs-backup/standards/coding-standards-ja.md
./.restructure/backups/docs-backup/standards/sbom/README-ja.md
./.restructure/backups/docs-backup/standards/sbom/README.md
./.restructure/backups/docs-backup/standards/coding-standards.md
./.restructure/backups/docs-backup/standards/security-guidelines-ja.md
./.restructure/backups/guidelines-backup/security-guidelines.md
./.restructure/backups/guidelines-backup/coding-standards-ja.md
./.restructure/backups/guidelines-backup/operational-guidelines-ja.md
./.restructure/backups/guidelines-backup/operational-guidelines.md
./.restructure/backups/guidelines-backup/documentation-guidelines-ja.md
./.restructure/backups/guidelines-backup/coding-standards.md
./.restructure/backups/guidelines-backup/documentation-guidelines.md
./.restructure/backups/guidelines-backup/templates/document-template.md
./.restructure/backups/guidelines-backup/templates/document-template-ja.md
./.restructure/backups/guidelines-backup/security-guidelines-ja.md
./.aider.chat.history.md
./docs/design/architecture/architecture.md
./docs/design/architecture/architecture-ja.md
./docs/requirements/spec/requirements-summary.md
./docs/requirements/spec/system-specification-ja.md
./docs/requirements/spec/requirements-summary-ja.md
./docs/requirements/spec/system-specification.md
./docs/ai/context-optimization-ja.md
./docs/ai/context-optimization.md
./docs/templates/document-template.md
./docs/templates/document-template-ja.md
./docs/ops/operational-guidelines-ja.md
./docs/ops/operational-guidelines.md
./docs/guidelines/SUMMARY-ja.md
./docs/guidelines/coding-standards-ja.md
./docs/guidelines/operational-rules.md
./docs/guidelines/SUMMARY.md
./docs/guidelines/context-optimization-ja.md
./docs/guidelines/README-ja.md
./docs/guidelines/README.md
./docs/guidelines/coding-standards.md
./docs/guidelines/context-optimization.md
./docs/guidelines/operational-rules-ja.md
./docs/standards/security-guidelines.md
./docs/standards/coding-standards-ja.md
./docs/standards/sbom/README-ja.md
./docs/standards/sbom/README.md
./docs/standards/coding-standards.md
./docs/standards/security-guidelines-ja.md
./README-ja.md
./README.md
./ai/context/context-optimization-ja.md
./ai/context/context-optimization.md
./.github/workflows/README-ja.md
./.github/workflows/README.md
./.github/pull_request_template.md
./.github/pull_request_template-ja.md
./guidelines/security-guidelines.md
./guidelines/coding-standards-ja.md
./guidelines/operational-guidelines-ja.md
./guidelines/operational-guidelines.md
./guidelines/documentation-guidelines-ja.md
./guidelines/coding-standards.md
./guidelines/documentation-guidelines.md
./guidelines/templates/document-template.md
./guidelines/templates/document-template-ja.md
./guidelines/security-guidelines-ja.md
./CHANGELOG-ja.md

=== Git状態 ===
On branch feature/restructure-guidelines
Untracked files:
  (use "git add <file>..." to include in what will be committed)
	.restructure/backups/
	.restructure/logs/

nothing added to commit but untracked files present (use "git add" to track)

=== ディレクトリ構造 ===
docs/
|-- ai
|   |-- context-optimization-ja.md
|   `-- context-optimization.md
|-- design
|   `-- architecture
|       |-- architecture-ja.md
|       `-- architecture.md
|-- guidelines
|   |-- README-ja.md
|   |-- README.md
|   |-- SUMMARY-ja.md
|   |-- SUMMARY.md
|   |-- bulletproof-react
|   |-- coding-standards-ja.md
|   |-- coding-standards.md
|   |-- context-optimization-ja.md
|   |-- context-optimization.md
|   |-- naming-cheatsheet
|   |-- operational-rules-ja.md
|   `-- operational-rules.md
|-- ops
|   |-- operational-guidelines-ja.md
|   `-- operational-guidelines.md
|-- requirements
|   `-- spec
|       |-- requirements-summary-ja.md
|       |-- requirements-summary.md
|       |-- system-specification-ja.md
|       `-- system-specification.md
|-- standards
|   |-- coding-standards-ja.md
|   |-- coding-standards.md
|   |-- sbom
|   |   |-- README-ja.md
|   |   `-- README.md
|   |-- security-guidelines-ja.md
|   `-- security-guidelines.md
`-- templates
    |-- document-template-ja.md
    `-- document-template.md
guidelines/
|-- coding-standards-ja.md
|-- coding-standards.md
|-- documentation-guidelines-ja.md
|-- documentation-guidelines.md
|-- operational-guidelines-ja.md
|-- operational-guidelines.md
|-- security-guidelines-ja.md
|-- security-guidelines.md
`-- templates
    |-- document-template-ja.md
    `-- document-template.md
ai/
`-- context
    |-- context-optimization-ja.md
    `-- context-optimization.md

17 directories, 40 files
