=== 理想構造比較 ===
現在の構造:
docs/
|-- design
|   `-- architecture
|       |-- architecture-ja.md
|       `-- architecture.md
|-- ops
|   |-- operational-guidelines-ja.md
|   |-- operational-guidelines.md
|   |-- operational-rules-ja.md
|   `-- operational-rules.md
|-- requirements
|   `-- spec
|       |-- requirements-summary-ja.md
|       |-- requirements-summary.md
|       |-- system-specification-ja.md
|       `-- system-specification.md
`-- standards
    |-- bulletproof-react
    |-- coding-standards-ja.md
    |-- coding-standards.md
    |-- documentation-guidelines-ja.md
    |-- documentation-guidelines.md
    |-- naming-cheatsheet
    |-- review-guidelines-ja.md
    |-- review-guidelines.md
    |-- sbom
    |   |-- README-ja.md
    |   `-- README.md
    |-- security-guidelines-ja.md
    `-- security-guidelines.md
ai/
`-- context
    |-- context-optimization-ja.md
    |-- context-optimization.md
    |-- summary-ja.md
    `-- summary.md

12 directories, 24 files
理想構造チェック:
✅ docs/standards/ 存在
✅ docs/ops/ 存在
✅ docs/requirements/spec/ 存在
✅ docs/design/architecture/ 存在
✅ ai/context/ 存在
✅ guidelines/ 削除済み
✅ docs/guidelines/ 削除済み
✅ docs/ai/ 削除済み
✅ docs/templates/ 削除済み
統合完了ファイル:
✅ coding-standards統合済み
✅ security-guidelines統合済み
✅ documentation-guidelines移動済み
✅ operational-guidelines統合済み
✅ context-optimization統合済み
=== 自動リンクチェック ===
✅ リンクチェック正常
=== ファイル数確認 ===
現在のMDファイル数:       34
統合ファイル確認:
-rw-r--r--@ 1 kazuya  staff  3056 May 21 09:39 docs/standards/coding-standards-ja.md
-rw-r--r--@ 1 kazuya  staff  2789 May 21 09:39 docs/standards/coding-standards.md
-rw-r--r--@ 1 kazuya  staff  3286 May 21 09:39 docs/standards/security-guidelines-ja.md
-rw-r--r--@ 1 kazuya  staff  3007 May 21 09:39 docs/standards/security-guidelines.md
-rw-r--r--@ 1 kazuya  staff  2502 May 21 09:39 docs/standards/documentation-guidelines-ja.md
-rw-r--r--@ 1 kazuya  staff  2430 May 21 09:39 docs/standards/documentation-guidelines.md
-rw-r--r--@ 1 kazuya  staff  1766 May 21 09:39 docs/ops/operational-guidelines-ja.md
-rw-r--r--@ 1 kazuya  staff  1428 May 21 09:39 docs/ops/operational-guidelines.md
-rw-r--r--@ 1 kazuya  staff  2123 May 26 09:22 ai/context/context-optimization-ja.md
-rw-r--r--@ 1 kazuya  staff  1755 May 26 09:22 ai/context/context-optimization.md
削除確認:
✅ document-template削除済み
✅ guidelines/templates/ 削除済み
=== CI/CD配慮事項 ===
GitHub Actions ワークフロー確認:
=== CI/CD配慮事項 ===
GitHub Actions ワークフロー確認:
ワークフロー内にguidelines参照なし
README・CHANGELOG確認:
=== Git状態整理 ===
On branch feature/restructure-guidelines
Untracked files:
  (use "git add <file>..." to include in what will be committed)
	.restructure/logs/final-check.log

nothing added to commit but untracked files present (use "git add" to track)
